#
# There is insufficient memory for the Java Runtime Environment to continue.
# Native memory allocation (malloc) failed to allocate 65856 bytes for Chunk::new
# Possible reasons:
#   The system is out of physical RAM or swap space
#   In 32 bit mode, the process size limit was hit
# Possible solutions:
#   Reduce memory load on the system
#   Increase physical memory or swap space
#   Check if swap backing store is full
#   Use 64 bit Java on a 64 bit OS
#   Decrease Java heap size (-Xmx/-Xms)
#   Decrease number of Java threads
#   Decrease Java thread stack sizes (-Xss)
#   Set larger code cache with -XX:ReservedCodeCacheSize=
# This output file may be truncated or incomplete.
#
#  Out of Memory Error (allocation.cpp:390), pid=9072, tid=7848
#
# JRE version: Java(TM) SE Runtime Environment (8.0_66-b18) (build 1.8.0_66-b18)
# Java VM: Java HotSpot(TM) 64-Bit Server VM (25.66-b18 mixed mode windows-amd64 compressed oops)
# Failed to write core dump. Minidumps are not enabled by default on client versions of Windows
#

---------------  T H R E A D  ---------------

Current thread (0x000000001518d800):  JavaThread "C2 CompilerThread0" daemon [_thread_in_native, id=7848, stack(0x00000000166e0000,0x00000000167e0000)]

Stack: [0x00000000166e0000,0x00000000167e0000]
[error occurred during error reporting (printing stack bounds), id 0xc0000005]

Native frames: (J=compiled Java code, j=interpreted, Vv=VM code, C=native code)


Current CompileTask:
C2:  13399 1724       4       com.android.dx.rop.cst.CstString::stringToUtf8Bytes (175 bytes)


---------------  P R O C E S S  ---------------

Java Threads: ( => current thread )
  0x00000000169e7000 JavaThread "Service Thread" daemon [_thread_blocked, id=8724, stack(0x0000000016de0000,0x0000000016ee0000)]
  0x00000000151ed000 JavaThread "C1 CompilerThread2" daemon [_thread_blocked, id=8640, stack(0x00000000168e0000,0x00000000169e0000)]
  0x00000000151e7000 JavaThread "C2 CompilerThread1" daemon [_thread_in_native, id=8468, stack(0x00000000167e0000,0x00000000168e0000)]
=>0x000000001518d800 JavaThread "C2 CompilerThread0" daemon [_thread_in_native, id=7848, stack(0x00000000166e0000,0x00000000167e0000)]
  0x000000001518b800 JavaThread "Attach Listener" daemon [_thread_blocked, id=7236, stack(0x00000000165e0000,0x00000000166e0000)]
  0x000000001518a000 JavaThread "Signal Dispatcher" daemon [_thread_blocked, id=2972, stack(0x00000000164e0000,0x00000000165e0000)]
  0x0000000002ab6800 JavaThread "Finalizer" daemon [_thread_blocked, id=7696, stack(0x00000000163e0000,0x00000000164e0000)]
  0x0000000002aae000 JavaThread "Reference Handler" daemon [_thread_blocked, id=6532, stack(0x00000000162e0000,0x00000000163e0000)]
  0x00000000029bd800 JavaThread "main" [_thread_in_Java, id=8188, stack(0x00000000027d0000,0x00000000028d0000)]

Other Threads:
  0x0000000015157800 VMThread [stack: 0x00000000161e0000,0x00000000162e0000] [id=3876]
  0x00000000169fb000 WatcherThread [stack: 0x0000000016ee0000,0x0000000016fe0000] [id=7184]

VM state:not at safepoint (normal execution)

VM Mutex/Monitor currently owned by a thread: None

Heap:
 PSYoungGen      total 35328K, used 5431K [0x00000000eab00000, 0x00000000ef000000, 0x0000000100000000)
  eden space 32768K, 8% used [0x00000000eab00000,0x00000000eadd5d10,0x00000000ecb00000)
  from space 2560K, 98% used [0x00000000ecb00000,0x00000000ecd78048,0x00000000ecd80000)
  to   space 2560K, 0% used [0x00000000eed80000,0x00000000eed80000,0x00000000ef000000)
 ParOldGen       total 44032K, used 9626K [0x00000000c0000000, 0x00000000c2b00000, 0x00000000eab00000)
  object space 44032K, 21% used [0x00000000c0000000,0x00000000c0966b48,0x00000000c2b00000)
 Metaspace       used 6551K, capacity 7416K, committed 7552K, reserved 1056768K
  class space    used 621K, capacity 624K, committed 640K, reserved 1048576K

Card table byte_map: [0x0000000011e80000,0x0000000012090000] byte_map_base: 0x0000000011880000

Marking Bits: (ParMarkBitMap*) 0x0000000050eba5b0
 Begin Bits: [0x00000000125f0000, 0x00000000135f0000)
 End Bits:   [0x00000000135f0000, 0x00000000145f0000)

Polling page: 0x0000000000bc0000

CodeCache: size=245760Kb used=8096Kb max_used=8096Kb free=237663Kb
 bounds [0x0000000002ac0000, 0x00000000032b0000, 0x0000000011ac0000]
 total_blobs=2229 nmethods=1949 adapters=189
 compilation: enabled

Compilation events (10 events):
Event: 12.914 Thread 0x00000000151ed000 1756       3       com.android.dx.dex.code.LocalList$MakeState::aboutToProcess (127 bytes)
Event: 12.915 Thread 0x00000000151ed000 nmethod 1756 0x00000000031e7e50 code [0x00000000031e8040, 0x00000000031e89e8]
Event: 12.915 Thread 0x00000000151ed000 1757       3       com.android.dx.rop.code.RegisterSpec::isCategory2 (13 bytes)
Event: 12.915 Thread 0x00000000151ed000 nmethod 1757 0x00000000031e7910 code [0x00000000031e7a80, 0x00000000031e7d58]
Event: 12.916 Thread 0x00000000151ed000 1758       3       com.android.dx.rop.code.RegisterSpecSet::getMaxSize (6 bytes)
Event: 12.916 Thread 0x00000000151ed000 nmethod 1758 0x00000000031e75d0 code [0x00000000031e7720, 0x00000000031e7870]
Event: 12.916 Thread 0x00000000151ed000 1759       3       com.android.dx.dex.code.LocalList$MakeState::snapshot (110 bytes)
Event: 12.918 Thread 0x00000000151ed000 nmethod 1759 0x00000000031ea810 code [0x00000000031eaaa0, 0x00000000031ebc18]
Event: 12.918 Thread 0x00000000151ed000 1760       3       com.android.dx.rop.code.BasicBlock::canThrow (11 bytes)
Event: 12.919 Thread 0x00000000151ed000 nmethod 1760 0x00000000031ec690 code [0x00000000031ec840, 0x00000000031ed0b8]

GC Heap History (6 events):
Event: 3.269 GC heap before
{Heap before GC invocations=1 (full 0):
 PSYoungGen      total 18944K, used 16384K [0x00000000eab00000, 0x00000000ec000000, 0x0000000100000000)
  eden space 16384K, 100% used [0x00000000eab00000,0x00000000ebb00000,0x00000000ebb00000)
  from space 2560K, 0% used [0x00000000ebd80000,0x00000000ebd80000,0x00000000ec000000)
  to   space 2560K, 0% used [0x00000000ebb00000,0x00000000ebb00000,0x00000000ebd80000)
 ParOldGen       total 44032K, used 0K [0x00000000c0000000, 0x00000000c2b00000, 0x00000000eab00000)
  object space 44032K, 0% used [0x00000000c0000000,0x00000000c0000000,0x00000000c2b00000)
 Metaspace       used 5711K, capacity 6640K, committed 6784K, reserved 1056768K
  class space    used 596K, capacity 616K, committed 640K, reserved 1048576K
Event: 3.511 GC heap after
Heap after GC invocations=1 (full 0):
 PSYoungGen      total 18944K, used 2551K [0x00000000eab00000, 0x00000000ed000000, 0x0000000100000000)
  eden space 16384K, 0% used [0x00000000eab00000,0x00000000eab00000,0x00000000ebb00000)
  from space 2560K, 99% used [0x00000000ebb00000,0x00000000ebd7dc78,0x00000000ebd80000)
  to   space 2560K, 0% used [0x00000000ecd80000,0x00000000ecd80000,0x00000000ed000000)
 ParOldGen       total 44032K, used 1377K [0x00000000c0000000, 0x00000000c2b00000, 0x00000000eab00000)
  object space 44032K, 3% used [0x00000000c0000000,0x00000000c01584e8,0x00000000c2b00000)
 Metaspace       used 5711K, capacity 6640K, committed 6784K, reserved 1056768K
  class space    used 596K, capacity 616K, committed 640K, reserved 1048576K
}
Event: 5.382 GC heap before
{Heap before GC invocations=2 (full 0):
 PSYoungGen      total 18944K, used 18935K [0x00000000eab00000, 0x00000000ed000000, 0x0000000100000000)
  eden space 16384K, 100% used [0x00000000eab00000,0x00000000ebb00000,0x00000000ebb00000)
  from space 2560K, 99% used [0x00000000ebb00000,0x00000000ebd7dc78,0x00000000ebd80000)
  to   space 2560K, 0% used [0x00000000ecd80000,0x00000000ecd80000,0x00000000ed000000)
 ParOldGen       total 44032K, used 1377K [0x00000000c0000000, 0x00000000c2b00000, 0x00000000eab00000)
  object space 44032K, 3% used [0x00000000c0000000,0x00000000c01584e8,0x00000000c2b00000)
 Metaspace       used 5988K, capacity 6896K, committed 7040K, reserved 1056768K
  class space    used 597K, capacity 616K, committed 640K, reserved 1048576K
Event: 5.919 GC heap after
Heap after GC invocations=2 (full 0):
 PSYoungGen      total 35328K, used 2544K [0x00000000eab00000, 0x00000000ed000000, 0x0000000100000000)
  eden space 32768K, 0% used [0x00000000eab00000,0x00000000eab00000,0x00000000ecb00000)
  from space 2560K, 99% used [0x00000000ecd80000,0x00000000ecffc038,0x00000000ed000000)
  to   space 2560K, 0% used [0x00000000ecb00000,0x00000000ecb00000,0x00000000ecd80000)
 ParOldGen       total 44032K, used 4408K [0x00000000c0000000, 0x00000000c2b00000, 0x00000000eab00000)
  object space 44032K, 10% used [0x00000000c0000000,0x00000000c044e1b8,0x00000000c2b00000)
 Metaspace       used 5988K, capacity 6896K, committed 7040K, reserved 1056768K
  class space    used 597K, capacity 616K, committed 640K, reserved 1048576K
}
Event: 12.211 GC heap before
{Heap before GC invocations=3 (full 0):
 PSYoungGen      total 35328K, used 35312K [0x00000000eab00000, 0x00000000ed000000, 0x0000000100000000)
  eden space 32768K, 100% used [0x00000000eab00000,0x00000000ecb00000,0x00000000ecb00000)
  from space 2560K, 99% used [0x00000000ecd80000,0x00000000ecffc038,0x00000000ed000000)
  to   space 2560K, 0% used [0x00000000ecb00000,0x00000000ecb00000,0x00000000ecd80000)
 ParOldGen       total 44032K, used 4408K [0x00000000c0000000, 0x00000000c2b00000, 0x00000000eab00000)
  object space 44032K, 10% used [0x00000000c0000000,0x00000000c044e1b8,0x00000000c2b00000)
 Metaspace       used 6236K, capacity 7094K, committed 7296K, reserved 1056768K
  class space    used 605K, capacity 622K, committed 640K, reserved 1048576K
Event: 12.453 GC heap after
Heap after GC invocations=3 (full 0):
 PSYoungGen      total 35328K, used 2528K [0x00000000eab00000, 0x00000000ef000000, 0x0000000100000000)
  eden space 32768K, 0% used [0x00000000eab00000,0x00000000eab00000,0x00000000ecb00000)
  from space 2560K, 98% used [0x00000000ecb00000,0x00000000ecd78048,0x00000000ecd80000)
  to   space 2560K, 0% used [0x00000000eed80000,0x00000000eed80000,0x00000000ef000000)
 ParOldGen       total 44032K, used 9626K [0x00000000c0000000, 0x00000000c2b00000, 0x00000000eab00000)
  object space 44032K, 21% used [0x00000000c0000000,0x00000000c0966b48,0x00000000c2b00000)
 Metaspace       used 6236K, capacity 7094K, committed 7296K, reserved 1056768K
  class space    used 605K, capacity 622K, committed 640K, reserved 1048576K
}

Deoptimization events (10 events):
Event: 12.175 Thread 0x00000000029bd800 Uncommon trap: reason=class_check action=maybe_recompile pc=0x0000000003005188 method=java.util.Arrays.hashCode([Ljava/lang/Object;)I @ 43
Event: 12.175 Thread 0x00000000029bd800 Uncommon trap: reason=class_check action=maybe_recompile pc=0x0000000003005188 method=java.util.Arrays.hashCode([Ljava/lang/Object;)I @ 43
Event: 12.175 Thread 0x00000000029bd800 Uncommon trap: reason=class_check action=maybe_recompile pc=0x0000000003005188 method=java.util.Arrays.hashCode([Ljava/lang/Object;)I @ 43
Event: 12.175 Thread 0x00000000029bd800 Uncommon trap: reason=class_check action=maybe_recompile pc=0x0000000003005188 method=java.util.Arrays.hashCode([Ljava/lang/Object;)I @ 43
Event: 12.175 Thread 0x00000000029bd800 Uncommon trap: reason=class_check action=maybe_recompile pc=0x0000000002ffddb4 method=java.util.Arrays.hashCode([Ljava/lang/Object;)I @ 43
Event: 12.194 Thread 0x00000000029bd800 Uncommon trap: reason=class_check action=maybe_recompile pc=0x0000000002f41c44 method=java.util.HashMap.putVal(ILjava/lang/Object;Ljava/lang/Object;ZZ)Ljava/lang/Object; @ 203
Event: 12.201 Thread 0x00000000029bd800 Uncommon trap: reason=bimorphic action=maybe_recompile pc=0x00000000031a60b0 method=java.util.Arrays.hashCode([Ljava/lang/Object;)I @ 43
Event: 12.201 Thread 0x00000000029bd800 Uncommon trap: reason=bimorphic action=maybe_recompile pc=0x00000000031a60b0 method=java.util.Arrays.hashCode([Ljava/lang/Object;)I @ 43
Event: 12.201 Thread 0x00000000029bd800 Uncommon trap: reason=bimorphic action=maybe_recompile pc=0x00000000031a60b0 method=java.util.Arrays.hashCode([Ljava/lang/Object;)I @ 43
Event: 12.201 Thread 0x00000000029bd800 Uncommon trap: reason=bimorphic action=maybe_recompile pc=0x00000000031a60b0 method=java.util.Arrays.hashCode([Ljava/lang/Object;)I @ 43

Internal exceptions (2 events):
Event: 0.211 Thread 0x00000000029bd800 Exception <a 'java/lang/NoSuchMethodError': Method sun.misc.Unsafe.defineClass(Ljava/lang/String;[BII)Ljava/lang/Class; name or signature does not match> (0x00000000eab0dd18) thrown at [C:\re\workspace\8-2-build-windows-amd64-cygwin\jdk8u66\5298\hotspot\sr
Event: 0.211 Thread 0x00000000029bd800 Exception <a 'java/lang/NoSuchMethodError': Method sun.misc.Unsafe.prefetchRead(Ljava/lang/Object;J)V name or signature does not match> (0x00000000eab0e000) thrown at [C:\re\workspace\8-2-build-windows-amd64-cygwin\jdk8u66\5298\hotspot\src\share\vm\prims\j

Events (10 events):
Event: 12.898 loading class com/android/dx/dex/code/LocalList$MakeState
Event: 12.898 loading class com/android/dx/dex/code/LocalList$MakeState done
Event: 12.902 loading class com/android/dx/dex/code/CatchHandlerList
Event: 12.902 loading class com/android/dx/dex/code/CatchHandlerList done
Event: 12.903 loading class com/android/dx/dex/code/CatchTable
Event: 12.903 loading class com/android/dx/dex/code/CatchTable done
Event: 12.909 loading class com/android/dx/dex/code/LocalList$Disposition
Event: 12.909 loading class com/android/dx/dex/code/LocalList$Disposition done
Event: 12.909 loading class com/android/dx/dex/code/LocalList$Entry
Event: 12.909 loading class com/android/dx/dex/code/LocalList$Entry done


Dynamic libraries:
0x00007ff6f7a00000 - 0x00007ff6f7a37000 	C:\Program Files\Java\jdk1.8.0_66\bin\java.exe
0x00007fff0f090000 - 0x00007fff0f23d000 	C:\WINDOWS\SYSTEM32\ntdll.dll
0x00007fff0e620000 - 0x00007fff0e75e000 	C:\WINDOWS\system32\KERNEL32.DLL
0x00007fff0c290000 - 0x00007fff0c3a5000 	C:\WINDOWS\system32\KERNELBASE.dll
0x00007fff0ac50000 - 0x00007fff0acde000 	C:\WINDOWS\system32\apphelp.dll
0x00007ffeea680000 - 0x00007ffeea6d3000 	C:\WINDOWS\AppPatch\AppPatch64\AcGenral.DLL
0x00007fff0eb60000 - 0x00007fff0ec0a000 	C:\WINDOWS\system32\msvcrt.dll
0x00007fff0c4c0000 - 0x00007fff0c4ee000 	C:\WINDOWS\system32\SspiCli.dll
0x00007fff0c720000 - 0x00007fff0c774000 	C:\WINDOWS\system32\SHLWAPI.dll
0x00007fff0e280000 - 0x00007fff0e3f7000 	C:\WINDOWS\system32\USER32.dll
0x00007fff0e400000 - 0x00007fff0e594000 	C:\WINDOWS\system32\ole32.dll
0x00007fff0c9a0000 - 0x00007fff0deca000 	C:\WINDOWS\system32\SHELL32.dll
0x00007fff0b760000 - 0x00007fff0b781000 	C:\WINDOWS\SYSTEM32\USERENV.dll
0x00007fff0eda0000 - 0x00007fff0ee4a000 	C:\WINDOWS\system32\ADVAPI32.dll
0x00007fff03990000 - 0x00007fff039ae000 	C:\WINDOWS\SYSTEM32\MPR.dll
0x00007fff0ec60000 - 0x00007fff0eda0000 	C:\WINDOWS\system32\RPCRT4.dll
0x00007fff0e220000 - 0x00007fff0e279000 	C:\WINDOWS\SYSTEM32\sechost.dll
0x00007fff0c780000 - 0x00007fff0c991000 	C:\WINDOWS\SYSTEM32\combase.dll
0x00007fff0e950000 - 0x00007fff0eaa0000 	C:\WINDOWS\system32\GDI32.dll
0x00007fff0c1c0000 - 0x00007fff0c1d5000 	C:\WINDOWS\SYSTEM32\profapi.dll
0x00007fff0acf0000 - 0x00007fff0ada2000 	C:\WINDOWS\SYSTEM32\SHCORE.dll
0x00007fff0ec10000 - 0x00007fff0ec46000 	C:\WINDOWS\system32\IMM32.DLL
0x00007fff0ef20000 - 0x00007fff0f072000 	C:\WINDOWS\system32\MSCTF.dll
0x00007fff0c170000 - 0x00007fff0c1a1000 	C:\Windows\system32\nvinitx.dll
0x00007fff0c160000 - 0x00007fff0c16a000 	C:\WINDOWS\SYSTEM32\VERSION.dll
0x0000000052900000 - 0x0000000052906000 	C:\Program Files\NVIDIA Corporation\CoProcManager\_etoured.dll
0x00007fff0abd0000 - 0x00007fff0ac02000 	C:\Program Files\NVIDIA Corporation\CoProcManager\nvd3d9wrapx.dll
0x00007fff0e770000 - 0x00007fff0e94a000 	C:\WINDOWS\system32\SETUPAPI.dll
0x00007fff0c4f0000 - 0x00007fff0c53f000 	C:\WINDOWS\system32\CFGMGR32.dll
0x00007fff0ac20000 - 0x00007fff0ac42000 	C:\Program Files\NVIDIA Corporation\CoProcManager\nvdxgiwrapx.dll
0x00007fff0a260000 - 0x00007fff0a4db000 	C:\WINDOWS\WinSxS\amd64_microsoft.windows.common-controls_6595b64144ccf1df_6.0.9600.18006_none_623f33d3ecbe86e8\COMCTL32.dll
0x00000000505d0000 - 0x00000000506a2000 	C:\Program Files\Java\jdk1.8.0_66\jre\bin\msvcr100.dll
0x00000000506b0000 - 0x0000000050f39000 	C:\Program Files\Java\jdk1.8.0_66\jre\bin\server\jvm.dll
0x00007ffeff970000 - 0x00007ffeff979000 	C:\WINDOWS\SYSTEM32\WSOCK32.dll
0x00007fff09c40000 - 0x00007fff09c62000 	C:\WINDOWS\SYSTEM32\WINMM.dll
0x00007fff0ec50000 - 0x00007fff0ec57000 	C:\WINDOWS\system32\PSAPI.DLL
0x00007fff0dff0000 - 0x00007fff0e04a000 	C:\WINDOWS\system32\WS2_32.dll
0x00007fff09c10000 - 0x00007fff09c3a000 	C:\WINDOWS\SYSTEM32\WINMMBASE.dll
0x00007fff0e760000 - 0x00007fff0e769000 	C:\WINDOWS\system32\NSI.dll
0x00007fff0af90000 - 0x00007fff0afb8000 	C:\WINDOWS\SYSTEM32\DEVOBJ.dll
0x0000000052000000 - 0x000000005200f000 	C:\Program Files\Java\jdk1.8.0_66\jre\bin\verify.dll
0x0000000051fd0000 - 0x0000000051ff9000 	C:\Program Files\Java\jdk1.8.0_66\jre\bin\java.dll
0x0000000051fb0000 - 0x0000000051fc6000 	C:\Program Files\Java\jdk1.8.0_66\jre\bin\zip.dll

VM Arguments:
jvm_args: -Djava.awt.headless=true -Xmx1024M -Dfile.encoding=windows-1252 -Duser.country=US -Duser.language=en -Duser.variant 
java_command: com.android.dx.command.Main --dex --num-threads=4 --output C:\Users\Aizaz\Desktop\Apexml 3pm post final\Apexml\Apex-master\app\build\intermediates\pre-dexed\debug\com.google.android.gms-play-services-location-6.5.87_49e3c76b6888bd5ea3acbf66c692ae859da495ef.jar C:\Users\Aizaz\Desktop\Apexml 3pm post final\Apexml\Apex-master\app\build\intermediates\exploded-aar\com.google.android.gms\play-services-location\6.5.87\jars\classes.jar
java_class_path (initial): C:\Users\Aizaz\AppData\Local\Android\Sdk\build-tools\23.0.2\lib\dx.jar
Launcher Type: SUN_STANDARD

Environment Variables:
JAVA_HOME=C:\Program Files\Java\jdk1.8.0_66
CLASSPATH=C:\Users\Aizaz\Desktop\libsvm-3.21\libsvm-3.21\java\libsvm.jar
PATH=C:\ProgramData\Oracle\Java\javapath;C:\Program Files (x86)\Intel\iCLS Client\;C:\Program Files\Intel\iCLS Client\;C:\WINDOWS\system32;C:\WINDOWS;C:\WINDOWS\System32\Wbem;C:\WINDOWS\System32\WindowsPowerShell\v1.0\;C:\Program Files (x86)\Windows Live\Shared;C:\Program Files (x86)\Intel\OpenCL SDK\2.0\bin\x86;C:\Program Files (x86)\Intel\OpenCL SDK\2.0\bin\x64;C:\Program Files (x86)\Skype\Phone\;C:\Program Files (x86)\NVIDIA Corporation\PhysX\Common;C:\Program Files\Intel\Intel(R) Management Engine Components\DAL;C:\Program Files\Intel\Intel(R) Management Engine Components\IPT;C:\Program Files (x86)\Intel\Intel(R) Management Engine Components\DAL;C:\Program Files (x86)\Intel\Intel(R) Management Engine Components\IPT;C:\WINDOWS\system32\config\systemprofile\.dnx\bin;C:\Program Files\Microsoft DNX\Dnvm\;C:\Program Files (x86)\Windows Kits\8.1\Windows Performance Toolkit\;%SWIG_HOME%;%ANDROID_NDK_HOME%,%Libsvm%,%JAVA_HOME%;C:\Program Files\MATLAB\MATLAB Production Server\R2015a\runtime\win64;C:\Program Files\MATLAB\MATLAB Production Server\R2015a\bin;C:\Program Files\MATLAB\MATLAB Production Server\R2015a\polyspace\bin;C:\Users\Aizaz\AppData\Local\Programs\Python\Python35-32\Scripts\;C:\Users\Aizaz\AppData\Local\Programs\Python\Python35-32\;c:\users\aizaz\appdata\local\enthought\canopy\user\scripts;C:\texlive\2015\bin\win32;C:\Users\Aizaz\AppData\Local\Enthought\Canopy\User;C:\Users\Aizaz\AppData\Local\Enthought\Canopy\User\Scripts
USERNAME=Aizaz
OS=Windows_NT
PROCESSOR_IDENTIFIER=Intel64 Family 6 Model 58 Stepping 9, GenuineIntel



---------------  S Y S T E M  ---------------

OS: Windows 8.1 , 64 bit Build 9600 (6.3.9600.17415)

CPU:total 4 (2 cores per cpu, 2 threads per core) family 6 model 58 stepping 9, cmov, cx8, fxsr, mmx, sse, sse2, sse3, ssse3, sse4.1, sse4.2, popcnt, avx, clmul, erms, ht, tsc, tscinvbit, tscinv

Memory: 4k page, physical 4083992k(209184k free), swap 7229720k(25412k free)

vm_info: Java HotSpot(TM) 64-Bit Server VM (25.66-b18) for windows-amd64 JRE (1.8.0_66-b18), built on Nov  9 2015 10:51:13 by "java_re" with MS VC++ 10.0 (VS2010)

time: Tue May 24 12:29:00 2016
elapsed time: 13 seconds (0d 0h 0m 13s)

