#
# There is insufficient memory for the Java Runtime Environment to continue.
# Native memory allocation (malloc) failed to allocate 1476976 bytes for Chunk::new
# Possible reasons:
#   The system is out of physical RAM or swap space
#   In 32 bit mode, the process size limit was hit
# Possible solutions:
#   Reduce memory load on the system
#   Increase physical memory or swap space
#   Check if swap backing store is full
#   Use 64 bit Java on a 64 bit OS
#   Decrease Java heap size (-Xmx/-Xms)
#   Decrease number of Java threads
#   Decrease Java thread stack sizes (-Xss)
#   Set larger code cache with -XX:ReservedCodeCacheSize=
# This output file may be truncated or incomplete.
#
#  Out of Memory Error (allocation.cpp:390), pid=7020, tid=7072
#
# JRE version: Java(TM) SE Runtime Environment (8.0_66-b18) (build 1.8.0_66-b18)
# Java VM: Java HotSpot(TM) 64-Bit Server VM (25.66-b18 mixed mode windows-amd64 compressed oops)
# Failed to write core dump. Minidumps are not enabled by default on client versions of Windows
#

---------------  T H R E A D  ---------------

Current thread (0x000000001586b800):  JavaThread "C2 CompilerThread0" daemon [_thread_in_native, id=7072, stack(0x0000000016ea0000,0x0000000016fa0000)]

Stack: [0x0000000016ea0000,0x0000000016fa0000]
[error occurred during error reporting (printing stack bounds), id 0xc0000005]

Native frames: (J=compiled Java code, j=interpreted, Vv=VM code, C=native code)


Current CompileTask:
C2:  11763 1715   !   4       com.android.dx.cf.code.Ropper::processBlock (1101 bytes)


---------------  P R O C E S S  ---------------

Java Threads: ( => current thread )
  0x000000000308d800 JavaThread "DestroyJavaVM" [_thread_blocked, id=8040, stack(0x0000000002eb0000,0x0000000002fb0000)]
  0x00000000171d0800 JavaThread "Service Thread" daemon [_thread_blocked, id=6960, stack(0x00000000175a0000,0x00000000176a0000)]
  0x0000000015863800 JavaThread "C1 CompilerThread2" daemon [_thread_blocked, id=8548, stack(0x00000000170a0000,0x00000000171a0000)]
  0x0000000015860800 JavaThread "C2 CompilerThread1" daemon [_thread_in_native, id=6964, stack(0x0000000016fa0000,0x00000000170a0000)]
=>0x000000001586b800 JavaThread "C2 CompilerThread0" daemon [_thread_in_native, id=7072, stack(0x0000000016ea0000,0x0000000016fa0000)]
  0x000000001586a000 JavaThread "Attach Listener" daemon [_thread_blocked, id=8468, stack(0x0000000016da0000,0x0000000016ea0000)]
  0x0000000015868800 JavaThread "Signal Dispatcher" daemon [_thread_blocked, id=2776, stack(0x0000000016ca0000,0x0000000016da0000)]
  0x0000000015828800 JavaThread "Finalizer" daemon [_thread_blocked, id=5808, stack(0x0000000016ac0000,0x0000000016bc0000)]
  0x0000000003181800 JavaThread "Reference Handler" daemon [_thread_blocked, id=9064, stack(0x00000000169c0000,0x0000000016ac0000)]

Other Threads:
  0x0000000015827800 VMThread [stack: 0x00000000168c0000,0x00000000169c0000] [id=1492]
  0x00000000171e3000 WatcherThread [stack: 0x00000000176a0000,0x00000000177a0000] [id=9160]

VM state:not at safepoint (normal execution)

VM Mutex/Monitor currently owned by a thread: None

Heap:
 PSYoungGen      total 68096K, used 22412K [0x00000000eab00000, 0x00000000f4400000, 0x0000000100000000)
  eden space 65536K, 30% used [0x00000000eab00000,0x00000000ebe657a0,0x00000000eeb00000)
  from space 2560K, 99% used [0x00000000eeb00000,0x00000000eed7d8f8,0x00000000eed80000)
  to   space 12800K, 0% used [0x00000000f3780000,0x00000000f3780000,0x00000000f4400000)
 ParOldGen       total 44032K, used 22133K [0x00000000c0000000, 0x00000000c2b00000, 0x00000000eab00000)
  object space 44032K, 50% used [0x00000000c0000000,0x00000000c159d438,0x00000000c2b00000)
 Metaspace       used 7213K, capacity 7768K, committed 7936K, reserved 1056768K
  class space    used 678K, capacity 720K, committed 768K, reserved 1048576K

Card table byte_map: [0x0000000012550000,0x0000000012760000] byte_map_base: 0x0000000011f50000

Marking Bits: (ParMarkBitMap*) 0x0000000050eba5b0
 Begin Bits: [0x0000000012cc0000, 0x0000000013cc0000)
 End Bits:   [0x0000000013cc0000, 0x0000000014cc0000)

Polling page: 0x00000000011f0000

CodeCache: size=245760Kb used=9706Kb max_used=9706Kb free=236053Kb
 bounds [0x0000000003190000, 0x0000000003b20000, 0x0000000012190000]
 total_blobs=2564 nmethods=2284 adapters=191
 compilation: disabled (not enough contiguous free space left)

Compilation events (10 events):
Event: 10.487 Thread 0x0000000015863800 nmethod 2332 0x0000000003afc510 code [0x0000000003afc6a0, 0x0000000003afc8e8]
Event: 10.487 Thread 0x0000000015863800 2341       2       com.android.dx.dex.code.DalvInsnList::getOutsSize (105 bytes)
Event: 10.487 Thread 0x0000000015863800 nmethod 2341 0x0000000003afca90 code [0x0000000003afcc20, 0x0000000003afd008]
Event: 10.487 Thread 0x0000000015863800 2342   !   2       com.android.dx.dex.code.DalvInsnList::writeTo (254 bytes)
Event: 10.490 Thread 0x0000000015863800 nmethod 2342 0x0000000003afd390 code [0x0000000003afd6a0, 0x0000000003afe5b8]
Event: 10.490 Thread 0x0000000015863800 2337       2       com.android.dx.dex.code.InsnFormat::write (15 bytes)
Event: 10.490 Thread 0x0000000015863800 nmethod 2337 0x0000000003aff610 code [0x0000000003aff780, 0x0000000003aff978]
Event: 10.490 Thread 0x0000000015863800 2339       2       com.android.dx.dex.code.form.Form35c::explicitize (105 bytes)
Event: 10.491 Thread 0x0000000015863800 nmethod 2339 0x0000000003affad0 code [0x0000000003affd40, 0x0000000003b007f8]
Event: 10.491 Thread 0x0000000015863800 2345 %     3       com.android.dx.dex.code.DalvInsnList::getOutsSize @ 9 (105 bytes)

GC Heap History (10 events):
Event: 1.804 GC heap before
{Heap before GC invocations=1 (full 0):
 PSYoungGen      total 18944K, used 16384K [0x00000000eab00000, 0x00000000ec000000, 0x0000000100000000)
  eden space 16384K, 100% used [0x00000000eab00000,0x00000000ebb00000,0x00000000ebb00000)
  from space 2560K, 0% used [0x00000000ebd80000,0x00000000ebd80000,0x00000000ec000000)
  to   space 2560K, 0% used [0x00000000ebb00000,0x00000000ebb00000,0x00000000ebd80000)
 ParOldGen       total 44032K, used 42K [0x00000000c0000000, 0x00000000c2b00000, 0x00000000eab00000)
  object space 44032K, 0% used [0x00000000c0000000,0x00000000c000aa10,0x00000000c2b00000)
 Metaspace       used 5535K, capacity 6512K, committed 6784K, reserved 1056768K
  class space    used 591K, capacity 616K, committed 640K, reserved 1048576K
Event: 1.842 GC heap after
Heap after GC invocations=1 (full 0):
 PSYoungGen      total 18944K, used 2548K [0x00000000eab00000, 0x00000000ed000000, 0x0000000100000000)
  eden space 16384K, 0% used [0x00000000eab00000,0x00000000eab00000,0x00000000ebb00000)
  from space 2560K, 99% used [0x00000000ebb00000,0x00000000ebd7d2e0,0x00000000ebd80000)
  to   space 2560K, 0% used [0x00000000ecd80000,0x00000000ecd80000,0x00000000ed000000)
 ParOldGen       total 44032K, used 1130K [0x00000000c0000000, 0x00000000c2b00000, 0x00000000eab00000)
  object space 44032K, 2% used [0x00000000c0000000,0x00000000c011aa90,0x00000000c2b00000)
 Metaspace       used 5535K, capacity 6512K, committed 6784K, reserved 1056768K
  class space    used 591K, capacity 616K, committed 640K, reserved 1048576K
}
Event: 2.973 GC heap before
{Heap before GC invocations=2 (full 0):
 PSYoungGen      total 18944K, used 18932K [0x00000000eab00000, 0x00000000ed000000, 0x0000000100000000)
  eden space 16384K, 100% used [0x00000000eab00000,0x00000000ebb00000,0x00000000ebb00000)
  from space 2560K, 99% used [0x00000000ebb00000,0x00000000ebd7d2e0,0x00000000ebd80000)
  to   space 2560K, 0% used [0x00000000ecd80000,0x00000000ecd80000,0x00000000ed000000)
 ParOldGen       total 44032K, used 1133K [0x00000000c0000000, 0x00000000c2b00000, 0x00000000eab00000)
  object space 44032K, 2% used [0x00000000c0000000,0x00000000c011b748,0x00000000c2b00000)
 Metaspace       used 5943K, capacity 6896K, committed 7040K, reserved 1056768K
  class space    used 594K, capacity 616K, committed 640K, reserved 1048576K
Event: 3.030 GC heap after
Heap after GC invocations=2 (full 0):
 PSYoungGen      total 35328K, used 2538K [0x00000000eab00000, 0x00000000ed000000, 0x0000000100000000)
  eden space 32768K, 0% used [0x00000000eab00000,0x00000000eab00000,0x00000000ecb00000)
  from space 2560K, 99% used [0x00000000ecd80000,0x00000000ecffaaa8,0x00000000ed000000)
  to   space 2560K, 0% used [0x00000000ecb00000,0x00000000ecb00000,0x00000000ecd80000)
 ParOldGen       total 44032K, used 2885K [0x00000000c0000000, 0x00000000c2b00000, 0x00000000eab00000)
  object space 44032K, 6% used [0x00000000c0000000,0x00000000c02d15c8,0x00000000c2b00000)
 Metaspace       used 5943K, capacity 6896K, committed 7040K, reserved 1056768K
  class space    used 594K, capacity 616K, committed 640K, reserved 1048576K
}
Event: 6.243 GC heap before
{Heap before GC invocations=3 (full 0):
 PSYoungGen      total 35328K, used 35306K [0x00000000eab00000, 0x00000000ed000000, 0x0000000100000000)
  eden space 32768K, 100% used [0x00000000eab00000,0x00000000ecb00000,0x00000000ecb00000)
  from space 2560K, 99% used [0x00000000ecd80000,0x00000000ecffaaa8,0x00000000ed000000)
  to   space 2560K, 0% used [0x00000000ecb00000,0x00000000ecb00000,0x00000000ecd80000)
 ParOldGen       total 44032K, used 2885K [0x00000000c0000000, 0x00000000c2b00000, 0x00000000eab00000)
  object space 44032K, 6% used [0x00000000c0000000,0x00000000c02d15c8,0x00000000c2b00000)
 Metaspace       used 6142K, capacity 7024K, committed 7296K, reserved 1056768K
  class space    used 597K, capacity 616K, committed 640K, reserved 1048576K
Event: 6.356 GC heap after
Heap after GC invocations=3 (full 0):
 PSYoungGen      total 35328K, used 2550K [0x00000000eab00000, 0x00000000ef000000, 0x0000000100000000)
  eden space 32768K, 0% used [0x00000000eab00000,0x00000000eab00000,0x00000000ecb00000)
  from space 2560K, 99% used [0x00000000ecb00000,0x00000000ecd7d8f8,0x00000000ecd80000)
  to   space 2560K, 0% used [0x00000000eed80000,0x00000000eed80000,0x00000000ef000000)
 ParOldGen       total 44032K, used 7817K [0x00000000c0000000, 0x00000000c2b00000, 0x00000000eab00000)
  object space 44032K, 17% used [0x00000000c0000000,0x00000000c07a2638,0x00000000c2b00000)
 Metaspace       used 6142K, capacity 7024K, committed 7296K, reserved 1056768K
  class space    used 597K, capacity 616K, committed 640K, reserved 1048576K
}
Event: 7.785 GC heap before
{Heap before GC invocations=4 (full 0):
 PSYoungGen      total 35328K, used 35318K [0x00000000eab00000, 0x00000000ef000000, 0x0000000100000000)
  eden space 32768K, 100% used [0x00000000eab00000,0x00000000ecb00000,0x00000000ecb00000)
  from space 2560K, 99% used [0x00000000ecb00000,0x00000000ecd7d8f8,0x00000000ecd80000)
  to   space 2560K, 0% used [0x00000000eed80000,0x00000000eed80000,0x00000000ef000000)
 ParOldGen       total 44032K, used 7817K [0x00000000c0000000, 0x00000000c2b00000, 0x00000000eab00000)
  object space 44032K, 17% used [0x00000000c0000000,0x00000000c07a2638,0x00000000c2b00000)
 Metaspace       used 6200K, capacity 7088K, committed 7296K, reserved 1056768K
  class space    used 597K, capacity 616K, committed 640K, reserved 1048576K
Event: 8.235 GC heap after
Heap after GC invocations=4 (full 0):
 PSYoungGen      total 68096K, used 2545K [0x00000000eab00000, 0x00000000ef000000, 0x0000000100000000)
  eden space 65536K, 0% used [0x00000000eab00000,0x00000000eab00000,0x00000000eeb00000)
  from space 2560K, 99% used [0x00000000eed80000,0x00000000eeffc670,0x00000000ef000000)
  to   space 2560K, 0% used [0x00000000eeb00000,0x00000000eeb00000,0x00000000eed80000)
 ParOldGen       total 44032K, used 12418K [0x00000000c0000000, 0x00000000c2b00000, 0x00000000eab00000)
  object space 44032K, 28% used [0x00000000c0000000,0x00000000c0c20bb0,0x00000000c2b00000)
 Metaspace       used 6200K, capacity 7088K, committed 7296K, reserved 1056768K
  class space    used 597K, capacity 616K, committed 640K, reserved 1048576K
}
Event: 9.518 GC heap before
{Heap before GC invocations=5 (full 0):
 PSYoungGen      total 68096K, used 68081K [0x00000000eab00000, 0x00000000ef000000, 0x0000000100000000)
  eden space 65536K, 100% used [0x00000000eab00000,0x00000000eeb00000,0x00000000eeb00000)
  from space 2560K, 99% used [0x00000000eed80000,0x00000000eeffc670,0x00000000ef000000)
  to   space 2560K, 0% used [0x00000000eeb00000,0x00000000eeb00000,0x00000000eed80000)
 ParOldGen       total 44032K, used 12418K [0x00000000c0000000, 0x00000000c2b00000, 0x00000000eab00000)
  object space 44032K, 28% used [0x00000000c0000000,0x00000000c0c20bb0,0x00000000c2b00000)
 Metaspace       used 6303K, capacity 7152K, committed 7296K, reserved 1056768K
  class space    used 598K, capacity 616K, committed 640K, reserved 1048576K
Event: 9.584 GC heap after
Heap after GC invocations=5 (full 0):
 PSYoungGen      total 68096K, used 2550K [0x00000000eab00000, 0x00000000f4400000, 0x0000000100000000)
  eden space 65536K, 0% used [0x00000000eab00000,0x00000000eab00000,0x00000000eeb00000)
  from space 2560K, 99% used [0x00000000eeb00000,0x00000000eed7d8f8,0x00000000eed80000)
  to   space 12800K, 0% used [0x00000000f3780000,0x00000000f3780000,0x00000000f4400000)
 ParOldGen       total 44032K, used 22133K [0x00000000c0000000, 0x00000000c2b00000, 0x00000000eab00000)
  object space 44032K, 50% used [0x00000000c0000000,0x00000000c159d438,0x00000000c2b00000)
 Metaspace       used 6303K, capacity 7152K, committed 7296K, reserved 1056768K
  class space    used 598K, capacity 616K, committed 640K, reserved 1048576K
}

Deoptimization events (10 events):
Event: 9.670 Thread 0x000000000308d800 Uncommon trap: reason=class_check action=maybe_recompile pc=0x00000000035f1808 method=java.util.Arrays.hashCode([Ljava/lang/Object;)I @ 43
Event: 9.670 Thread 0x000000000308d800 Uncommon trap: reason=class_check action=maybe_recompile pc=0x00000000035f1808 method=java.util.Arrays.hashCode([Ljava/lang/Object;)I @ 43
Event: 9.671 Thread 0x000000000308d800 Uncommon trap: reason=class_check action=maybe_recompile pc=0x00000000035e6934 method=java.util.Arrays.hashCode([Ljava/lang/Object;)I @ 43
Event: 9.687 Thread 0x000000000308d800 Uncommon trap: reason=class_check action=maybe_recompile pc=0x000000000363f7ec method=java.util.HashMap.putVal(ILjava/lang/Object;Ljava/lang/Object;ZZ)Ljava/lang/Object; @ 203
Event: 9.946 Thread 0x000000000308d800 Uncommon trap: reason=speculate_class_check action=maybe_recompile pc=0x00000000034e5920 method=com.android.dx.util.FixedSizeList.equals(Ljava/lang/Object;)Z @ 25
Event: 9.946 Thread 0x000000000308d800 Uncommon trap: reason=speculate_class_check action=maybe_recompile pc=0x00000000034e5920 method=com.android.dx.util.FixedSizeList.equals(Ljava/lang/Object;)Z @ 25
Event: 9.946 Thread 0x000000000308d800 Uncommon trap: reason=speculate_class_check action=maybe_recompile pc=0x00000000034e5920 method=com.android.dx.util.FixedSizeList.equals(Ljava/lang/Object;)Z @ 25
Event: 9.946 Thread 0x000000000308d800 Uncommon trap: reason=speculate_class_check action=maybe_recompile pc=0x00000000034e5920 method=com.android.dx.util.FixedSizeList.equals(Ljava/lang/Object;)Z @ 25
Event: 10.412 Thread 0x000000000308d800 Uncommon trap: reason=unstable_if action=reinterpret pc=0x0000000003a812a4 method=java.util.ArrayList.<init>(I)V @ 5
Event: 10.439 Thread 0x000000000308d800 Uncommon trap: reason=unstable_if action=reinterpret pc=0x00000000035967fc method=java.lang.Long.numberOfTrailingZeros(J)I @ 3

Internal exceptions (3 events):
Event: 0.620 Thread 0x000000000308d800 Exception <a 'java/lang/NoSuchMethodError': Method sun.misc.Unsafe.defineClass(Ljava/lang/String;[BII)Ljava/lang/Class; name or signature does not match> (0x00000000eab0d9d8) thrown at [C:\re\workspace\8-2-build-windows-amd64-cygwin\jdk8u66\5298\hotspot\sr€7†€„?
Event: 0.620 Thread 0x000000000308d800 Exception <a 'java/lang/NoSuchMethodError': Method sun.misc.Unsafe.prefetchRead(Ljava/lang/Object;J)V name or signature does not match> (0x00000000eab0dcc0) thrown at [C:\re\workspace\8-2-build-windows-amd64-cygwin\jdk8u66\5298\hotspot\src\share\vm\prims\jîﬁ‚ÿ=í@
Event: 2.821 Thread 0x00000000174bb000 Implicit null exception at 0x00000000035723c0 to 0x0000000003573d09

Events (10 events):
Event: 10.433 loading class com/android/dex/EncodedValueCodec done
Event: 10.439 Thread 0x000000000308d800 Uncommon trap: trap_request=0xffffff65 fr.pc=0x00000000035967fc
Event: 10.439 Thread 0x000000000308d800 DEOPT PACKING pc=0x00000000035967fc sp=0x0000000002faecc0
Event: 10.439 Thread 0x000000000308d800 DEOPT UNPACKING pc=0x00000000031d582a sp=0x0000000002faec50 mode 2
Event: 10.449 loading class com/android/dx/dex/file/MapItem
Event: 10.449 loading class com/android/dx/dex/file/MapItem done
Event: 10.450 loading class com/android/dx/dex/file/UniformListItem
Event: 10.450 loading class com/android/dx/dex/file/UniformListItem done
Event: 10.455 loading class com/android/dex/DexFormat
Event: 10.455 loading class com/android/dex/DexFormat done


Dynamic libraries:
0x00007ff6f7a00000 - 0x00007ff6f7a37000 	C:\Program Files\Java\jdk1.8.0_66\bin\java.exe
0x00007fff0f090000 - 0x00007fff0f23d000 	C:\WINDOWS\SYSTEM32\ntdll.dll
0x00007fff0e620000 - 0x00007fff0e75e000 	C:\WINDOWS\system32\KERNEL32.DLL
0x00007fff0c290000 - 0x00007fff0c3a5000 	C:\WINDOWS\system32\KERNELBASE.dll
0x00007fff0ac50000 - 0x00007fff0acde000 	C:\WINDOWS\system32\apphelp.dll
0x00007ffeea680000 - 0x00007ffeea6d3000 	C:\WINDOWS\AppPatch\AppPatch64\AcGenral.DLL
0x00007fff0eb60000 - 0x00007fff0ec0a000 	C:\WINDOWS\system32\msvcrt.dll
0x00007fff0c4c0000 - 0x00007fff0c4ee000 	C:\WINDOWS\system32\SspiCli.dll
0x00007fff0c720000 - 0x00007fff0c774000 	C:\WINDOWS\system32\SHLWAPI.dll
0x00007fff0e280000 - 0x00007fff0e3f7000 	C:\WINDOWS\system32\USER32.dll
0x00007fff0e400000 - 0x00007fff0e594000 	C:\WINDOWS\system32\ole32.dll
0x00007fff0c9a0000 - 0x00007fff0deca000 	C:\WINDOWS\system32\SHELL32.dll
0x00007fff0b760000 - 0x00007fff0b781000 	C:\WINDOWS\SYSTEM32\USERENV.dll
0x00007fff0eda0000 - 0x00007fff0ee4a000 	C:\WINDOWS\system32\ADVAPI32.dll
0x00007fff03990000 - 0x00007fff039ae000 	C:\WINDOWS\SYSTEM32\MPR.dll
0x00007fff0ec60000 - 0x00007fff0eda0000 	C:\WINDOWS\system32\RPCRT4.dll
0x00007fff0e220000 - 0x00007fff0e279000 	C:\WINDOWS\SYSTEM32\sechost.dll
0x00007fff0c780000 - 0x00007fff0c991000 	C:\WINDOWS\SYSTEM32\combase.dll
0x00007fff0e950000 - 0x00007fff0eaa0000 	C:\WINDOWS\system32\GDI32.dll
0x00007fff0c1c0000 - 0x00007fff0c1d5000 	C:\WINDOWS\SYSTEM32\profapi.dll
0x00007fff0acf0000 - 0x00007fff0ada2000 	C:\WINDOWS\SYSTEM32\SHCORE.dll
0x00007fff0ec10000 - 0x00007fff0ec46000 	C:\WINDOWS\system32\IMM32.DLL
0x00007fff0ef20000 - 0x00007fff0f072000 	C:\WINDOWS\system32\MSCTF.dll
0x00007fff0c170000 - 0x00007fff0c1a1000 	C:\Windows\system32\nvinitx.dll
0x00007fff0c160000 - 0x00007fff0c16a000 	C:\WINDOWS\SYSTEM32\VERSION.dll
0x0000000052900000 - 0x0000000052906000 	C:\Program Files\NVIDIA Corporation\CoProcManager\_etoured.dll
0x00007fff0abd0000 - 0x00007fff0ac02000 	C:\Program Files\NVIDIA Corporation\CoProcManager\nvd3d9wrapx.dll
0x00007fff0e770000 - 0x00007fff0e94a000 	C:\WINDOWS\system32\SETUPAPI.dll
0x00007fff0c4f0000 - 0x00007fff0c53f000 	C:\WINDOWS\system32\CFGMGR32.dll
0x00007fff0ac20000 - 0x00007fff0ac42000 	C:\Program Files\NVIDIA Corporation\CoProcManager\nvdxgiwrapx.dll
0x00007fff0a260000 - 0x00007fff0a4db000 	C:\WINDOWS\WinSxS\amd64_microsoft.windows.common-controls_6595b64144ccf1df_6.0.9600.18006_none_623f33d3ecbe86e8\COMCTL32.dll
0x00000000505d0000 - 0x00000000506a2000 	C:\Program Files\Java\jdk1.8.0_66\jre\bin\msvcr100.dll
0x00000000506b0000 - 0x0000000050f39000 	C:\Program Files\Java\jdk1.8.0_66\jre\bin\server\jvm.dll
0x00007ffeff970000 - 0x00007ffeff979000 	C:\WINDOWS\SYSTEM32\WSOCK32.dll
0x00007fff09c40000 - 0x00007fff09c62000 	C:\WINDOWS\SYSTEM32\WINMM.dll
0x00007fff0ec50000 - 0x00007fff0ec57000 	C:\WINDOWS\system32\PSAPI.DLL
0x00007fff0dff0000 - 0x00007fff0e04a000 	C:\WINDOWS\system32\WS2_32.dll
0x00007fff09c10000 - 0x00007fff09c3a000 	C:\WINDOWS\SYSTEM32\WINMMBASE.dll
0x00007fff0e760000 - 0x00007fff0e769000 	C:\WINDOWS\system32\NSI.dll
0x00007fff0af90000 - 0x00007fff0afb8000 	C:\WINDOWS\SYSTEM32\DEVOBJ.dll
0x0000000052000000 - 0x000000005200f000 	C:\Program Files\Java\jdk1.8.0_66\jre\bin\verify.dll
0x0000000051fd0000 - 0x0000000051ff9000 	C:\Program Files\Java\jdk1.8.0_66\jre\bin\java.dll
0x0000000051fb0000 - 0x0000000051fc6000 	C:\Program Files\Java\jdk1.8.0_66\jre\bin\zip.dll

VM Arguments:
jvm_args: -Djava.awt.headless=true -Xmx1024M -Dfile.encoding=windows-1252 -Duser.country=US -Duser.language=en -Duser.variant 
java_command: com.android.dx.command.Main --dex --num-threads=4 --output C:\Users\Aizaz\Desktop\Apexml 3pm post final\Apexml\Apex-master\app\build\intermediates\pre-dexed\debug\com.google.android.gms-play-services-maps-6.5.87_cbe46082e15b9313eb1ef22c9953daec487b6e47.jar C:\Users\Aizaz\Desktop\Apexml 3pm post final\Apexml\Apex-master\app\build\intermediates\exploded-aar\com.google.android.gms\play-services-maps\6.5.87\jars\classes.jar
java_class_path (initial): C:\Users\Aizaz\AppData\Local\Android\Sdk\build-tools\23.0.2\lib\dx.jar
Launcher Type: SUN_STANDARD

Environment Variables:
JAVA_HOME=C:\Program Files\Java\jdk1.8.0_66
CLASSPATH=C:\Users\Aizaz\Desktop\libsvm-3.21\libsvm-3.21\java\libsvm.jar
PATH=C:\ProgramData\Oracle\Java\javapath;C:\Program Files (x86)\Intel\iCLS Client\;C:\Program Files\Intel\iCLS Client\;C:\WINDOWS\system32;C:\WINDOWS;C:\WINDOWS\System32\Wbem;C:\WINDOWS\System32\WindowsPowerShell\v1.0\;C:\Program Files (x86)\Windows Live\Shared;C:\Program Files (x86)\Intel\OpenCL SDK\2.0\bin\x86;C:\Program Files (x86)\Intel\OpenCL SDK\2.0\bin\x64;C:\Program Files (x86)\Skype\Phone\;C:\Program Files (x86)\NVIDIA Corporation\PhysX\Common;C:\Program Files\Intel\Intel(R) Management Engine Components\DAL;C:\Program Files\Intel\Intel(R) Management Engine Components\IPT;C:\Program Files (x86)\Intel\Intel(R) Management Engine Components\DAL;C:\Program Files (x86)\Intel\Intel(R) Management Engine Components\IPT;C:\WINDOWS\system32\config\systemprofile\.dnx\bin;C:\Program Files\Microsoft DNX\Dnvm\;C:\Program Files (x86)\Windows Kits\8.1\Windows Performance Toolkit\;%SWIG_HOME%;%ANDROID_NDK_HOME%,%Libsvm%,%JAVA_HOME%;C:\Program Files\MATLAB\MATLAB Production Server\R2015a\runtime\win64;C:\Program Files\MATLAB\MATLAB Production Server\R2015a\bin;C:\Program Files\MATLAB\MATLAB Production Server\R2015a\polyspace\bin;C:\Users\Aizaz\AppData\Local\Programs\Python\Python35-32\Scripts\;C:\Users\Aizaz\AppData\Local\Programs\Python\Python35-32\;c:\users\aizaz\appdata\local\enthought\canopy\user\scripts;C:\texlive\2015\bin\win32;C:\Users\Aizaz\AppData\Local\Enthought\Canopy\User;C:\Users\Aizaz\AppData\Local\Enthought\Canopy\User\Scripts
USERNAME=Aizaz
OS=Windows_NT
PROCESSOR_IDENTIFIER=Intel64 Family 6 Model 58 Stepping 9, GenuineIntel



---------------  S Y S T E M  ---------------

OS: Windows 8.1 , 64 bit Build 9600 (6.3.9600.17415)

CPU:total 4 (2 cores per cpu, 2 threads per core) family 6 model 58 stepping 9, cmov, cx8, fxsr, mmx, sse, sse2, sse3, ssse3, sse4.1, sse4.2, popcnt, avx, clmul, erms, ht, tsc, tscinvbit, tscinv

Memory: 4k page, physical 4083992k(365080k free), swap 7229720k(239352k free)

vm_info: Java HotSpot(TM) 64-Bit Server VM (25.66-b18) for windows-amd64 JRE (1.8.0_66-b18), built on Nov  9 2015 10:51:13 by "java_re" with MS VC++ 10.0 (VS2010)

time: Tue May 24 12:18:26 2016
elapsed time: 13 seconds (0d 0h 0m 13s)

