#
# There is insufficient memory for the Java Runtime Environment to continue.
# Native memory allocation (malloc) failed to allocate 32744 bytes for ChunkPool::allocate
# Possible reasons:
#   The system is out of physical RAM or swap space
#   In 32 bit mode, the process size limit was hit
# Possible solutions:
#   Reduce memory load on the system
#   Increase physical memory or swap space
#   Check if swap backing store is full
#   Use 64 bit Java on a 64 bit OS
#   Decrease Java heap size (-Xmx/-Xms)
#   Decrease number of Java threads
#   Decrease Java thread stack sizes (-Xss)
#   Set larger code cache with -XX:ReservedCodeCacheSize=
# This output file may be truncated or incomplete.
#
#  Out of Memory Error (allocation.cpp:273), pid=4888, tid=4480
#
# JRE version: Java(TM) SE Runtime Environment (8.0_66-b18) (build 1.8.0_66-b18)
# Java VM: Java HotSpot(TM) 64-Bit Server VM (25.66-b18 mixed mode windows-amd64 compressed oops)
# Failed to write core dump. Minidumps are not enabled by default on client versions of Windows
#

---------------  T H R E A D  ---------------

Current thread (0x00000000149ea000):  JavaThread "C2 CompilerThread1" daemon [_thread_in_native, id=4480, stack(0x00000000160c0000,0x00000000161c0000)]

Stack: [0x00000000160c0000,0x00000000161c0000]
[error occurred during error reporting (printing stack bounds), id 0xc0000005]

Native frames: (J=compiled Java code, j=interpreted, Vv=VM code, C=native code)


Current CompileTask:
C2:  13563 1691   !   4       com.android.dx.cf.code.Ropper::processBlock (1101 bytes)


---------------  P R O C E S S  ---------------

Java Threads: ( => current thread )
  0x00000000165b1000 JavaThread "pool-1-thread-4" [_thread_blocked, id=6752, stack(0x0000000016cc0000,0x0000000016dc0000)]
  0x00000000165b0800 JavaThread "pool-1-thread-3" [_thread_in_Java, id=372, stack(0x0000000016bc0000,0x0000000016cc0000)]
  0x0000000016547000 JavaThread "pool-1-thread-2" [_thread_in_Java, id=8956, stack(0x0000000016ac0000,0x0000000016bc0000)]
  0x0000000016544000 JavaThread "pool-2-thread-1" [_thread_blocked, id=2268, stack(0x00000000169c0000,0x0000000016ac0000)]
  0x0000000016543800 JavaThread "pool-1-thread-1" [_thread_blocked, id=8588, stack(0x00000000168c0000,0x00000000169c0000)]
  0x00000000162c7000 JavaThread "Service Thread" daemon [_thread_blocked, id=2816, stack(0x00000000166c0000,0x00000000167c0000)]
  0x00000000149ed000 JavaThread "C1 CompilerThread2" daemon [_thread_in_native, id=3868, stack(0x00000000161c0000,0x00000000162c0000)]
=>0x00000000149ea000 JavaThread "C2 CompilerThread1" daemon [_thread_in_native, id=4480, stack(0x00000000160c0000,0x00000000161c0000)]
  0x000000001498d800 JavaThread "C2 CompilerThread0" daemon [_thread_in_native, id=1668, stack(0x0000000015fc0000,0x00000000160c0000)]
  0x000000001498b800 JavaThread "Attach Listener" daemon [_thread_blocked, id=6932, stack(0x0000000015ec0000,0x0000000015fc0000)]
  0x000000001498a800 JavaThread "Signal Dispatcher" daemon [_thread_blocked, id=6224, stack(0x0000000015dc0000,0x0000000015ec0000)]
  0x00000000022b1000 JavaThread "Finalizer" daemon [_thread_blocked, id=7796, stack(0x0000000015be0000,0x0000000015ce0000)]
  0x00000000022ae000 JavaThread "Reference Handler" daemon [_thread_blocked, id=5128, stack(0x0000000015ae0000,0x0000000015be0000)]
  0x000000000218d800 JavaThread "main" [_thread_in_native, id=524, stack(0x0000000001ff0000,0x00000000020f0000)]

Other Threads:
  0x0000000014957800 VMThread [stack: 0x00000000159e0000,0x0000000015ae0000] [id=6400]
  0x00000000162dc800 WatcherThread [stack: 0x00000000167c0000,0x00000000168c0000] [id=7664]

VM state:not at safepoint (normal execution)

VM Mutex/Monitor currently owned by a thread: None

Heap:
 PSYoungGen      total 68096K, used 33219K [0x00000000eab00000, 0x00000000ef000000, 0x0000000100000000)
  eden space 65536K, 46% used [0x00000000eab00000,0x00000000ec8f4f40,0x00000000eeb00000)
  from space 2560K, 99% used [0x00000000eed80000,0x00000000eeffc020,0x00000000ef000000)
  to   space 2560K, 0% used [0x00000000eeb00000,0x00000000eeb00000,0x00000000eed80000)
 ParOldGen       total 44032K, used 11135K [0x00000000c0000000, 0x00000000c2b00000, 0x00000000eab00000)
  object space 44032K, 25% used [0x00000000c0000000,0x00000000c0adfe40,0x00000000c2b00000)
 Metaspace       used 6221K, capacity 7088K, committed 7296K, reserved 1056768K
  class space    used 598K, capacity 616K, committed 640K, reserved 1048576K

Card table byte_map: [0x0000000011680000,0x0000000011890000] byte_map_base: 0x0000000011080000

Marking Bits: (ParMarkBitMap*) 0x0000000050eba5b0
 Begin Bits: [0x0000000011df0000, 0x0000000012df0000)
 End Bits:   [0x0000000012df0000, 0x0000000013df0000)

Polling page: 0x0000000000440000

CodeCache: size=245760Kb used=7894Kb max_used=7894Kb free=237865Kb
 bounds [0x00000000022c0000, 0x0000000002a80000, 0x00000000112c0000]
 total_blobs=1982 nmethods=1713 adapters=182
 compilation: enabled

Compilation events (10 events):
Event: 12.746 Thread 0x00000000149ed000 nmethod 1732 0x0000000002a77fd0 code [0x0000000002a781c0, 0x0000000002a78be8]
Event: 12.750 Thread 0x00000000149ed000 1735       3       com.android.dx.dex.code.RopTranslator::<init> (190 bytes)
Event: 12.753 Thread 0x00000000149ed000 nmethod 1735 0x0000000002a78f50 code [0x0000000002a791a0, 0x0000000002a7a2f8]
Event: 12.754 Thread 0x00000000149ed000 1736       3       com.android.dx.dex.code.RopTranslator::translateAndGetResult (48 bytes)
Event: 12.755 Thread 0x00000000149ed000 nmethod 1736 0x0000000002a7ac10 code [0x0000000002a7ade0, 0x0000000002a7b318]
Event: 12.755 Thread 0x00000000149ed000 1737       3       com.android.dx.rop.code.LocalVariableExtractor::<init> (59 bytes)
Event: 12.756 Thread 0x00000000149ed000 nmethod 1737 0x0000000002a7b5d0 code [0x0000000002a7b780, 0x0000000002a7bd88]
Event: 12.756 Thread 0x00000000149ed000 1738       3       com.android.dx.dex.code.OutputFinisher::<init> (48 bytes)
Event: 12.757 Thread 0x00000000149ed000 nmethod 1738 0x0000000002a5e050 code [0x0000000002a5e1c0, 0x0000000002a5e468]
Event: 12.759 Thread 0x00000000149ed000 1739       3       com.android.dx.dex.cf.CfTranslator::translate0 (259 bytes)

GC Heap History (8 events):
Event: 1.802 GC heap before
{Heap before GC invocations=1 (full 0):
 PSYoungGen      total 18944K, used 16384K [0x00000000eab00000, 0x00000000ec000000, 0x0000000100000000)
  eden space 16384K, 100% used [0x00000000eab00000,0x00000000ebb00000,0x00000000ebb00000)
  from space 2560K, 0% used [0x00000000ebd80000,0x00000000ebd80000,0x00000000ec000000)
  to   space 2560K, 0% used [0x00000000ebb00000,0x00000000ebb00000,0x00000000ebd80000)
 ParOldGen       total 44032K, used 0K [0x00000000c0000000, 0x00000000c2b00000, 0x00000000eab00000)
  object space 44032K, 0% used [0x00000000c0000000,0x00000000c0000000,0x00000000c2b00000)
 Metaspace       used 4174K, capacity 5296K, committed 5376K, reserved 1056768K
  class space    used 460K, capacity 488K, committed 512K, reserved 1048576K
Event: 1.826 GC heap after
Heap after GC invocations=1 (full 0):
 PSYoungGen      total 18944K, used 1681K [0x00000000eab00000, 0x00000000ed000000, 0x0000000100000000)
  eden space 16384K, 0% used [0x00000000eab00000,0x00000000eab00000,0x00000000ebb00000)
  from space 2560K, 65% used [0x00000000ebb00000,0x00000000ebca4438,0x00000000ebd80000)
  to   space 2560K, 0% used [0x00000000ecd80000,0x00000000ecd80000,0x00000000ed000000)
 ParOldGen       total 44032K, used 8K [0x00000000c0000000, 0x00000000c2b00000, 0x00000000eab00000)
  object space 44032K, 0% used [0x00000000c0000000,0x00000000c0002000,0x00000000c2b00000)
 Metaspace       used 4174K, capacity 5296K, committed 5376K, reserved 1056768K
  class space    used 460K, capacity 488K, committed 512K, reserved 1048576K
}
Event: 4.171 GC heap before
{Heap before GC invocations=2 (full 0):
 PSYoungGen      total 18944K, used 18065K [0x00000000eab00000, 0x00000000ed000000, 0x0000000100000000)
  eden space 16384K, 100% used [0x00000000eab00000,0x00000000ebb00000,0x00000000ebb00000)
  from space 2560K, 65% used [0x00000000ebb00000,0x00000000ebca4438,0x00000000ebd80000)
  to   space 2560K, 0% used [0x00000000ecd80000,0x00000000ecd80000,0x00000000ed000000)
 ParOldGen       total 44032K, used 8K [0x00000000c0000000, 0x00000000c2b00000, 0x00000000eab00000)
  object space 44032K, 0% used [0x00000000c0000000,0x00000000c0002000,0x00000000c2b00000)
 Metaspace       used 5866K, capacity 6768K, committed 7040K, reserved 1056768K
  class space    used 595K, capacity 616K, committed 640K, reserved 1048576K
Event: 4.536 GC heap after
Heap after GC invocations=2 (full 0):
 PSYoungGen      total 35328K, used 2538K [0x00000000eab00000, 0x00000000ed000000, 0x0000000100000000)
  eden space 32768K, 0% used [0x00000000eab00000,0x00000000eab00000,0x00000000ecb00000)
  from space 2560K, 99% used [0x00000000ecd80000,0x00000000ecffaa90,0x00000000ed000000)
  to   space 2560K, 0% used [0x00000000ecb00000,0x00000000ecb00000,0x00000000ecd80000)
 ParOldGen       total 44032K, used 1983K [0x00000000c0000000, 0x00000000c2b00000, 0x00000000eab00000)
  object space 44032K, 4% used [0x00000000c0000000,0x00000000c01eff68,0x00000000c2b00000)
 Metaspace       used 5866K, capacity 6768K, committed 7040K, reserved 1056768K
  class space    used 595K, capacity 616K, committed 640K, reserved 1048576K
}
Event: 8.746 GC heap before
{Heap before GC invocations=3 (full 0):
 PSYoungGen      total 35328K, used 35306K [0x00000000eab00000, 0x00000000ed000000, 0x0000000100000000)
  eden space 32768K, 100% used [0x00000000eab00000,0x00000000ecb00000,0x00000000ecb00000)
  from space 2560K, 99% used [0x00000000ecd80000,0x00000000ecffaa90,0x00000000ed000000)
  to   space 2560K, 0% used [0x00000000ecb00000,0x00000000ecb00000,0x00000000ecd80000)
 ParOldGen       total 44032K, used 1983K [0x00000000c0000000, 0x00000000c2b00000, 0x00000000eab00000)
  object space 44032K, 4% used [0x00000000c0000000,0x00000000c01eff68,0x00000000c2b00000)
 Metaspace       used 6118K, capacity 7024K, committed 7296K, reserved 1056768K
  class space    used 597K, capacity 616K, committed 640K, reserved 1048576K
Event: 9.276 GC heap after
Heap after GC invocations=3 (full 0):
 PSYoungGen      total 35328K, used 2535K [0x00000000eab00000, 0x00000000ef000000, 0x0000000100000000)
  eden space 32768K, 0% used [0x00000000eab00000,0x00000000eab00000,0x00000000ecb00000)
  from space 2560K, 99% used [0x00000000ecb00000,0x00000000ecd79c80,0x00000000ecd80000)
  to   space 2560K, 0% used [0x00000000eed80000,0x00000000eed80000,0x00000000ef000000)
 ParOldGen       total 44032K, used 6142K [0x00000000c0000000, 0x00000000c2b00000, 0x00000000eab00000)
  object space 44032K, 13% used [0x00000000c0000000,0x00000000c05ff858,0x00000000c2b00000)
 Metaspace       used 6118K, capacity 7024K, committed 7296K, reserved 1056768K
  class space    used 597K, capacity 616K, committed 640K, reserved 1048576K
}
Event: 12.760 GC heap before
{Heap before GC invocations=4 (full 0):
 PSYoungGen      total 35328K, used 35303K [0x00000000eab00000, 0x00000000ef000000, 0x0000000100000000)
  eden space 32768K, 100% used [0x00000000eab00000,0x00000000ecb00000,0x00000000ecb00000)
  from space 2560K, 99% used [0x00000000ecb00000,0x00000000ecd79c80,0x00000000ecd80000)
  to   space 2560K, 0% used [0x00000000eed80000,0x00000000eed80000,0x00000000ef000000)
 ParOldGen       total 44032K, used 6142K [0x00000000c0000000, 0x00000000c2b00000, 0x00000000eab00000)
  object space 44032K, 13% used [0x00000000c0000000,0x00000000c05ff858,0x00000000c2b00000)
 Metaspace       used 6211K, capacity 7088K, committed 7296K, reserved 1056768K
  class space    used 598K, capacity 616K, committed 640K, reserved 1048576K
Event: 12.894 GC heap after
Heap after GC invocations=4 (full 0):
 PSYoungGen      total 68096K, used 2544K [0x00000000eab00000, 0x00000000ef000000, 0x0000000100000000)
  eden space 65536K, 0% used [0x00000000eab00000,0x00000000eab00000,0x00000000eeb00000)
  from space 2560K, 99% used [0x00000000eed80000,0x00000000eeffc020,0x00000000ef000000)
  to   space 2560K, 0% used [0x00000000eeb00000,0x00000000eeb00000,0x00000000eed80000)
 ParOldGen       total 44032K, used 11135K [0x00000000c0000000, 0x00000000c2b00000, 0x00000000eab00000)
  object space 44032K, 25% used [0x00000000c0000000,0x00000000c0adfe40,0x00000000c2b00000)
 Metaspace       used 6211K, capacity 7088K, committed 7296K, reserved 1056768K
  class space    used 598K, capacity 616K, committed 640K, reserved 1048576K
}

Deoptimization events (10 events):
Event: 7.987 Thread 0x000000000218d800 Uncommon trap: reason=unstable_if action=reinterpret pc=0x00000000028713ec method=com.android.dx.util.BitIntSet.has(I)Z @ 8
Event: 9.374 Thread 0x000000000218d800 Uncommon trap: reason=unstable_if action=reinterpret pc=0x00000000028d6d00 method=com.android.dx.cf.code.Merger.mergeType(Lcom/android/dx/rop/type/TypeBearer;Lcom/android/dx/rop/type/TypeBearer;)Lcom/android/dx/rop/type/TypeBearer; @ 77
Event: 10.229 Thread 0x00000000165b1000 Uncommon trap: reason=unstable_if action=reinterpret pc=0x000000000280ef8c method=com.android.dx.ssa.MoveParamCombiner$1.visitNonMoveInsn(Lcom/android/dx/ssa/NormalSsaInsn;)V @ 27
Event: 11.844 Thread 0x0000000016547000 Uncommon trap: reason=unstable_if action=reinterpret pc=0x00000000029c361c method=com.android.dx.cf.code.ByteCatchList.listFor(I)Lcom/android/dx/cf/code/ByteCatchList; @ 47
Event: 11.936 Thread 0x0000000016547000 Uncommon trap: reason=unstable_if action=reinterpret pc=0x00000000029fb0b4 method=com.android.dx.rop.code.BasicBlockList.preferredSuccessorOf(Lcom/android/dx/rop/code/BasicBlock;)Lcom/android/dx/rop/code/BasicBlock; @ 58
Event: 12.262 Thread 0x00000000165b1000 Uncommon trap: reason=unstable_if action=reinterpret pc=0x00000000029a5c00 method=com.android.dx.ssa.SCCP.simulateStmt(Lcom/android/dx/ssa/SsaInsn;)V @ 59
Event: 12.275 Thread 0x0000000016543800 Uncommon trap: reason=unstable_if action=reinterpret pc=0x0000000002750770 method=java.util.HashMap.putVal(ILjava/lang/Object;Ljava/lang/Object;ZZ)Ljava/lang/Object; @ 94
Event: 12.329 Thread 0x0000000016547000 Uncommon trap: reason=unstable_if action=reinterpret pc=0x0000000002712a64 method=com.android.dx.ssa.SsaRenamer$BlockRenamer.addMapping(ILcom/android/dx/rop/code/RegisterSpec;)V @ 120
Event: 12.329 Thread 0x0000000016547000 Uncommon trap: reason=null_check action=make_not_entrant pc=0x0000000002736350 method=com.android.dx.ssa.SsaRenamer.getLocalForNewReg(I)Lcom/android/dx/rop/code/LocalItem; @ 19
Event: 12.334 Thread 0x0000000016547000 Uncommon trap: reason=unstable_if action=reinterpret pc=0x000000000294d3c0 method=com.android.dx.rop.code.RegisterSpecSet.localItemToSpec(Lcom/android/dx/rop/code/LocalItem;)Lcom/android/dx/rop/code/RegisterSpec; @ 35

Internal exceptions (4 events):
Event: 0.366 Thread 0x000000000218d800 Exception <a 'java/lang/NoSuchMethodError': Method sun.misc.Unsafe.defineClass(Ljava/lang/String;[BII)Ljava/lang/Class; name or signature does not match> (0x00000000eab0dd08) thrown at [C:\re\workspace\8-2-build-windows-amd64-cygwin\jdk8u66\5298\hotspot\srJ…3©q×?
Event: 0.366 Thread 0x000000000218d800 Exception <a 'java/lang/NoSuchMethodError': Method sun.misc.Unsafe.prefetchRead(Ljava/lang/Object;J)V name or signature does not match> (0x00000000eab0dff0) thrown at [C:\re\workspace\8-2-build-windows-amd64-cygwin\jdk8u66\5298\hotspot\src\share\vm\prims\j‰
_¼@
Event: 4.934 Thread 0x0000000016543800 Implicit null exception at 0x0000000002642fa2 to 0x0000000002643092
Event: 12.329 Thread 0x0000000016547000 Implicit null exception at 0x0000000002735509 to 0x000000000273631d

Events (10 events):
Event: 12.329 Thread 0x0000000016547000 DEOPT PACKING pc=0x0000000002712a64 sp=0x0000000016bbec60
Event: 12.329 Thread 0x0000000016547000 DEOPT UNPACKING pc=0x000000000230582a sp=0x0000000016bbebf0 mode 2
Event: 12.329 Thread 0x0000000016547000 Uncommon trap: trap_request=0xfffffff4 fr.pc=0x0000000002736350
Event: 12.329 Thread 0x0000000016547000 DEOPT PACKING pc=0x0000000002736350 sp=0x0000000016bbecb0
Event: 12.329 Thread 0x0000000016547000 DEOPT UNPACKING pc=0x000000000230582a sp=0x0000000016bbeb08 mode 2
Event: 12.333 Thread 0x0000000016547000 Uncommon trap: trap_request=0xffffff65 fr.pc=0x000000000294d3c0
Event: 12.334 Thread 0x0000000016547000 DEOPT PACKING pc=0x000000000294d3c0 sp=0x0000000016bbf000
Event: 12.334 Thread 0x0000000016547000 DEOPT UNPACKING pc=0x000000000230582a sp=0x0000000016bbef68 mode 2
Event: 12.760 Executing VM operation: ParallelGCFailedAllocation
Event: 12.894 Executing VM operation: ParallelGCFailedAllocation done


Dynamic libraries:
0x00007ff6f7a00000 - 0x00007ff6f7a37000 	C:\Program Files\Java\jdk1.8.0_66\bin\java.exe
0x00007fff0f090000 - 0x00007fff0f23d000 	C:\WINDOWS\SYSTEM32\ntdll.dll
0x00007fff0e620000 - 0x00007fff0e75e000 	C:\WINDOWS\system32\KERNEL32.DLL
0x00007fff0c290000 - 0x00007fff0c3a5000 	C:\WINDOWS\system32\KERNELBASE.dll
0x00007fff0ac50000 - 0x00007fff0acde000 	C:\WINDOWS\system32\apphelp.dll
0x00007ffeea680000 - 0x00007ffeea6d3000 	C:\WINDOWS\AppPatch\AppPatch64\AcGenral.DLL
0x00007fff0eb60000 - 0x00007fff0ec0a000 	C:\WINDOWS\system32\msvcrt.dll
0x00007fff0c4c0000 - 0x00007fff0c4ee000 	C:\WINDOWS\system32\SspiCli.dll
0x00007fff0c720000 - 0x00007fff0c774000 	C:\WINDOWS\system32\SHLWAPI.dll
0x00007fff0e280000 - 0x00007fff0e3f7000 	C:\WINDOWS\system32\USER32.dll
0x00007fff0e400000 - 0x00007fff0e594000 	C:\WINDOWS\system32\ole32.dll
0x00007fff0c9a0000 - 0x00007fff0deca000 	C:\WINDOWS\system32\SHELL32.dll
0x00007fff0b760000 - 0x00007fff0b781000 	C:\WINDOWS\SYSTEM32\USERENV.dll
0x00007fff0eda0000 - 0x00007fff0ee4a000 	C:\WINDOWS\system32\ADVAPI32.dll
0x00007fff03990000 - 0x00007fff039ae000 	C:\WINDOWS\SYSTEM32\MPR.dll
0x00007fff0ec60000 - 0x00007fff0eda0000 	C:\WINDOWS\system32\RPCRT4.dll
0x00007fff0e220000 - 0x00007fff0e279000 	C:\WINDOWS\SYSTEM32\sechost.dll
0x00007fff0c780000 - 0x00007fff0c991000 	C:\WINDOWS\SYSTEM32\combase.dll
0x00007fff0e950000 - 0x00007fff0eaa0000 	C:\WINDOWS\system32\GDI32.dll
0x00007fff0c1c0000 - 0x00007fff0c1d5000 	C:\WINDOWS\SYSTEM32\profapi.dll
0x00007fff0acf0000 - 0x00007fff0ada2000 	C:\WINDOWS\SYSTEM32\SHCORE.dll
0x00007fff0ec10000 - 0x00007fff0ec46000 	C:\WINDOWS\system32\IMM32.DLL
0x00007fff0ef20000 - 0x00007fff0f072000 	C:\WINDOWS\system32\MSCTF.dll
0x00007fff0c170000 - 0x00007fff0c1a1000 	C:\Windows\system32\nvinitx.dll
0x00007fff0c160000 - 0x00007fff0c16a000 	C:\WINDOWS\SYSTEM32\VERSION.dll
0x0000000052900000 - 0x0000000052906000 	C:\Program Files\NVIDIA Corporation\CoProcManager\_etoured.dll
0x00007fff0abd0000 - 0x00007fff0ac02000 	C:\Program Files\NVIDIA Corporation\CoProcManager\nvd3d9wrapx.dll
0x00007fff0e770000 - 0x00007fff0e94a000 	C:\WINDOWS\system32\SETUPAPI.dll
0x00007fff0c4f0000 - 0x00007fff0c53f000 	C:\WINDOWS\system32\CFGMGR32.dll
0x00007fff0ac20000 - 0x00007fff0ac42000 	C:\Program Files\NVIDIA Corporation\CoProcManager\nvdxgiwrapx.dll
0x00007fff0a260000 - 0x00007fff0a4db000 	C:\WINDOWS\WinSxS\amd64_microsoft.windows.common-controls_6595b64144ccf1df_6.0.9600.18006_none_623f33d3ecbe86e8\COMCTL32.dll
0x00000000505d0000 - 0x00000000506a2000 	C:\Program Files\Java\jdk1.8.0_66\jre\bin\msvcr100.dll
0x00000000506b0000 - 0x0000000050f39000 	C:\Program Files\Java\jdk1.8.0_66\jre\bin\server\jvm.dll
0x00007ffeff970000 - 0x00007ffeff979000 	C:\WINDOWS\SYSTEM32\WSOCK32.dll
0x00007fff09c40000 - 0x00007fff09c62000 	C:\WINDOWS\SYSTEM32\WINMM.dll
0x00007fff0ec50000 - 0x00007fff0ec57000 	C:\WINDOWS\system32\PSAPI.DLL
0x00007fff0dff0000 - 0x00007fff0e04a000 	C:\WINDOWS\system32\WS2_32.dll
0x00007fff09c10000 - 0x00007fff09c3a000 	C:\WINDOWS\SYSTEM32\WINMMBASE.dll
0x00007fff0e760000 - 0x00007fff0e769000 	C:\WINDOWS\system32\NSI.dll
0x00007fff0af90000 - 0x00007fff0afb8000 	C:\WINDOWS\SYSTEM32\DEVOBJ.dll
0x0000000052000000 - 0x000000005200f000 	C:\Program Files\Java\jdk1.8.0_66\jre\bin\verify.dll
0x0000000051fd0000 - 0x0000000051ff9000 	C:\Program Files\Java\jdk1.8.0_66\jre\bin\java.dll
0x0000000051fb0000 - 0x0000000051fc6000 	C:\Program Files\Java\jdk1.8.0_66\jre\bin\zip.dll

VM Arguments:
jvm_args: -Djava.awt.headless=true -Xmx1024M -Dfile.encoding=windows-1252 -Duser.country=US -Duser.language=en -Duser.variant 
java_command: com.android.dx.command.Main --dex --num-threads=4 --output C:\Users\Aizaz\Desktop\Apexml 3pm post final\Apexml\Apex-master\app\build\intermediates\pre-dexed\debug\com.google.android.gms-play-services-base-6.5.87_578cdfdfd71ffb09b68528e6c47190787a80ada0.jar C:\Users\Aizaz\Desktop\Apexml 3pm post final\Apexml\Apex-master\app\build\intermediates\exploded-aar\com.google.android.gms\play-services-base\6.5.87\jars\classes.jar
java_class_path (initial): C:\Users\Aizaz\AppData\Local\Android\Sdk\build-tools\23.0.2\lib\dx.jar
Launcher Type: SUN_STANDARD

Environment Variables:
JAVA_HOME=C:\Program Files\Java\jdk1.8.0_66
CLASSPATH=C:\Users\Aizaz\Desktop\libsvm-3.21\libsvm-3.21\java\libsvm.jar
PATH=C:\ProgramData\Oracle\Java\javapath;C:\Program Files (x86)\Intel\iCLS Client\;C:\Program Files\Intel\iCLS Client\;C:\WINDOWS\system32;C:\WINDOWS;C:\WINDOWS\System32\Wbem;C:\WINDOWS\System32\WindowsPowerShell\v1.0\;C:\Program Files (x86)\Windows Live\Shared;C:\Program Files (x86)\Intel\OpenCL SDK\2.0\bin\x86;C:\Program Files (x86)\Intel\OpenCL SDK\2.0\bin\x64;C:\Program Files (x86)\Skype\Phone\;C:\Program Files (x86)\NVIDIA Corporation\PhysX\Common;C:\Program Files\Intel\Intel(R) Management Engine Components\DAL;C:\Program Files\Intel\Intel(R) Management Engine Components\IPT;C:\Program Files (x86)\Intel\Intel(R) Management Engine Components\DAL;C:\Program Files (x86)\Intel\Intel(R) Management Engine Components\IPT;C:\WINDOWS\system32\config\systemprofile\.dnx\bin;C:\Program Files\Microsoft DNX\Dnvm\;C:\Program Files (x86)\Windows Kits\8.1\Windows Performance Toolkit\;%SWIG_HOME%;%ANDROID_NDK_HOME%,%Libsvm%,%JAVA_HOME%;C:\Program Files\MATLAB\MATLAB Production Server\R2015a\runtime\win64;C:\Program Files\MATLAB\MATLAB Production Server\R2015a\bin;C:\Program Files\MATLAB\MATLAB Production Server\R2015a\polyspace\bin;C:\Users\Aizaz\AppData\Local\Programs\Python\Python35-32\Scripts\;C:\Users\Aizaz\AppData\Local\Programs\Python\Python35-32\;c:\users\aizaz\appdata\local\enthought\canopy\user\scripts;C:\texlive\2015\bin\win32;C:\Users\Aizaz\AppData\Local\Enthought\Canopy\User;C:\Users\Aizaz\AppData\Local\Enthought\Canopy\User\Scripts
USERNAME=Aizaz
OS=Windows_NT
PROCESSOR_IDENTIFIER=Intel64 Family 6 Model 58 Stepping 9, GenuineIntel



---------------  S Y S T E M  ---------------

OS: Windows 8.1 , 64 bit Build 9600 (6.3.9600.17415)

CPU:total 4 (2 cores per cpu, 2 threads per core) family 6 model 58 stepping 9, cmov, cx8, fxsr, mmx, sse, sse2, sse3, ssse3, sse4.1, sse4.2, popcnt, avx, clmul, erms, ht, tsc, tscinvbit, tscinv

Memory: 4k page, physical 4083992k(209184k free), swap 7229720k(25400k free)

vm_info: Java HotSpot(TM) 64-Bit Server VM (25.66-b18) for windows-amd64 JRE (1.8.0_66-b18), built on Nov  9 2015 10:51:13 by "java_re" with MS VC++ 10.0 (VS2010)

time: Tue May 24 12:29:00 2016
elapsed time: 13 seconds (0d 0h 0m 13s)

